<?xml version="1.0" encoding="UTF-8"?>
<!-- Generated by org.testng.reporters.JUnitReportReporter -->
<testsuite hostname="Memory" failures="0" tests="1" name="TestPackage.Day3" time="0.003" errors="0" timestamp="2022-08-29T19:16:15 CEST" skipped="0">
  <testcase classname="TestPackage.Day3" name="MobileLogincarLoan" time="0.003"/>
  <system-out/>
</testsuite> <!-- TestPackage.Day3 -->
