<?xml version="1.0" encoding="UTF-8"?>
<!-- Generated by org.testng.reporters.JUnitReportReporter -->
<testsuite hostname="Memory" failures="0" tests="2" name="TestPackage.Day1" time="0.028" errors="0" timestamp="2022-08-29T19:16:15 CEST" skipped="0">
  <testcase classname="TestPackage.Day1" name="Demo" time="0.022"/>
  <system-out/>
  <testcase classname="TestPackage.Day1" name="Demo2" time="0.006"/>
  <system-out/>
</testsuite> <!-- TestPackage.Day1 -->
