<?xml version="1.0" encoding="UTF-8"?>
<!-- Generated by org.testng.reporters.JUnitReportReporter -->
<testsuite hostname="Memory" failures="0" tests="3" name="TestPackage.Day4" time="0.045" errors="0" timestamp="2022-08-29T19:16:15 CEST" skipped="0">
  <testcase classname="TestPackage.Day4" name="LoginAPIHOMELoan" time="0.006"/>
  <system-out/>
  <testcase classname="TestPackage.Day4" name="WebloginHOMELoan" time="0.035"/>
  <system-out/>
  <testcase classname="TestPackage.Day4" name="MobileLoginHOMELoan" time="0.004"/>
  <system-out/>
</testsuite> <!-- TestPackage.Day4 -->
